0 info it worked if it ends with ok
1 verbose cli [ '/usr/bin/node',
1 verbose cli   '/usr/bin/npm',
1 verbose cli   'install',
1 verbose cli   'express',
1 verbose cli   'ejs',
1 verbose cli   'socket.io',
1 verbose cli   'uuid',
1 verbose cli   'peer' ]
2 info using npm@3.5.2
3 info using node@v8.10.0
4 silly loadCurrentTree Starting
5 silly install loadCurrentTree
6 silly install readLocalPackageData
7 silly fetchPackageMetaData express
8 silly fetchPackageMetaData ejs
9 silly fetchPackageMetaData socket.io
10 silly fetchPackageMetaData uuid
11 silly fetchPackageMetaData peer
12 silly fetchNamedPackageData express
13 silly mapToRegistry name express
14 silly mapToRegistry using default registry
15 silly mapToRegistry registry https://registry.npmjs.org/
16 silly mapToRegistry uri https://registry.npmjs.org/express
17 silly fetchNamedPackageData ejs
18 silly mapToRegistry name ejs
19 silly mapToRegistry using default registry
20 silly mapToRegistry registry https://registry.npmjs.org/
21 silly mapToRegistry uri https://registry.npmjs.org/ejs
22 silly fetchNamedPackageData socket.io
23 silly mapToRegistry name socket.io
24 silly mapToRegistry using default registry
25 silly mapToRegistry registry https://registry.npmjs.org/
26 silly mapToRegistry uri https://registry.npmjs.org/socket.io
27 silly fetchNamedPackageData uuid
28 silly mapToRegistry name uuid
29 silly mapToRegistry using default registry
30 silly mapToRegistry registry https://registry.npmjs.org/
31 silly mapToRegistry uri https://registry.npmjs.org/uuid
32 silly fetchNamedPackageData peer
33 silly mapToRegistry name peer
34 silly mapToRegistry using default registry
35 silly mapToRegistry registry https://registry.npmjs.org/
36 silly mapToRegistry uri https://registry.npmjs.org/peer
37 verbose request uri https://registry.npmjs.org/express
38 verbose request no auth needed
39 info attempt registry request try #1 at 5:09:08 PM
40 verbose request id 3688878591671879
41 http request GET https://registry.npmjs.org/express
42 verbose request uri https://registry.npmjs.org/ejs
43 verbose request no auth needed
44 info attempt registry request try #1 at 5:09:09 PM
45 http request GET https://registry.npmjs.org/ejs
46 verbose request uri https://registry.npmjs.org/socket.io
47 verbose request no auth needed
48 info attempt registry request try #1 at 5:09:09 PM
49 http request GET https://registry.npmjs.org/socket.io
50 verbose request uri https://registry.npmjs.org/uuid
51 verbose request no auth needed
52 info attempt registry request try #1 at 5:09:09 PM
53 http request GET https://registry.npmjs.org/uuid
54 verbose request uri https://registry.npmjs.org/peer
55 verbose request no auth needed
56 info attempt registry request try #1 at 5:09:09 PM
57 http request GET https://registry.npmjs.org/peer
58 http 200 https://registry.npmjs.org/uuid
59 verbose headers { date: 'Sun, 27 Jun 2021 11:39:10 GMT',
59 verbose headers   'content-type': 'application/json',
59 verbose headers   'transfer-encoding': 'chunked',
59 verbose headers   connection: 'keep-alive',
59 verbose headers   'cf-ray': '665e64abbb241d3f-MAA',
59 verbose headers   age: '1491',
59 verbose headers   'cache-control': 'public, max-age=300',
59 verbose headers   etag: 'W/"a0bfed242193d3de7dd9a015fbc3c4fa"',
59 verbose headers   'last-modified': 'Fri, 28 May 2021 14:44:29 GMT',
59 verbose headers   vary: 'accept-encoding, accept',
59 verbose headers   'cf-cache-status': 'HIT',
59 verbose headers   'cf-request-id': '0aeedd3f5000001d3f3917a000000001',
59 verbose headers   'expect-ct': 'max-age=604800, report-uri="https://report-uri.cloudflare.com/cdn-cgi/beacon/expect-ct"',
59 verbose headers   server: 'cloudflare',
59 verbose headers   'content-encoding': 'gzip' }
60 silly get cb [ 200,
60 silly get   { date: 'Sun, 27 Jun 2021 11:39:10 GMT',
60 silly get     'content-type': 'application/json',
60 silly get     'transfer-encoding': 'chunked',
60 silly get     connection: 'keep-alive',
60 silly get     'cf-ray': '665e64abbb241d3f-MAA',
60 silly get     age: '1491',
60 silly get     'cache-control': 'public, max-age=300',
60 silly get     etag: 'W/"a0bfed242193d3de7dd9a015fbc3c4fa"',
60 silly get     'last-modified': 'Fri, 28 May 2021 14:44:29 GMT',
60 silly get     vary: 'accept-encoding, accept',
60 silly get     'cf-cache-status': 'HIT',
60 silly get     'cf-request-id': '0aeedd3f5000001d3f3917a000000001',
60 silly get     'expect-ct': 'max-age=604800, report-uri="https://report-uri.cloudflare.com/cdn-cgi/beacon/expect-ct"',
60 silly get     server: 'cloudflare',
60 silly get     'content-encoding': 'gzip' } ]
61 verbose get saving uuid to /home/raj/.npm/registry.npmjs.org/uuid/.cache.json
62 verbose makeDirectory /home/raj/.npm creation not in flight; initializing
63 silly makeDirectory /home/raj/.npm uid: 1000 gid: 1000
64 http 200 https://registry.npmjs.org/socket.io
65 verbose headers { date: 'Sun, 27 Jun 2021 11:39:10 GMT',
65 verbose headers   'content-type': 'application/json',
65 verbose headers   'transfer-encoding': 'chunked',
65 verbose headers   connection: 'keep-alive',
65 verbose headers   'cf-ray': '665e64ac4bb63983-MAA',
65 verbose headers   age: '2583',
65 verbose headers   'cache-control': 'public, max-age=300',
65 verbose headers   etag: 'W/"6712ac6f5a7f2050f34ec6afed93ed9e"',
65 verbose headers   'last-modified': 'Mon, 17 May 2021 21:18:57 GMT',
65 verbose headers   vary: 'accept-encoding, accept',
65 verbose headers   'cf-cache-status': 'HIT',
65 verbose headers   'cf-request-id': '0aeedd3fb300003983f01a7000000001',
65 verbose headers   'expect-ct': 'max-age=604800, report-uri="https://report-uri.cloudflare.com/cdn-cgi/beacon/expect-ct"',
65 verbose headers   server: 'cloudflare',
65 verbose headers   'content-encoding': 'gzip' }
66 silly get cb [ 200,
66 silly get   { date: 'Sun, 27 Jun 2021 11:39:10 GMT',
66 silly get     'content-type': 'application/json',
66 silly get     'transfer-encoding': 'chunked',
66 silly get     connection: 'keep-alive',
66 silly get     'cf-ray': '665e64ac4bb63983-MAA',
66 silly get     age: '2583',
66 silly get     'cache-control': 'public, max-age=300',
66 silly get     etag: 'W/"6712ac6f5a7f2050f34ec6afed93ed9e"',
66 silly get     'last-modified': 'Mon, 17 May 2021 21:18:57 GMT',
66 silly get     vary: 'accept-encoding, accept',
66 silly get     'cf-cache-status': 'HIT',
66 silly get     'cf-request-id': '0aeedd3fb300003983f01a7000000001',
66 silly get     'expect-ct': 'max-age=604800, report-uri="https://report-uri.cloudflare.com/cdn-cgi/beacon/expect-ct"',
66 silly get     server: 'cloudflare',
66 silly get     'content-encoding': 'gzip' } ]
67 verbose get saving socket.io to /home/raj/.npm/registry.npmjs.org/socket.io/.cache.json
68 http 200 https://registry.npmjs.org/express
69 verbose headers { date: 'Sun, 27 Jun 2021 11:39:10 GMT',
69 verbose headers   'content-type': 'application/json',
69 verbose headers   'transfer-encoding': 'chunked',
69 verbose headers   connection: 'keep-alive',
69 verbose headers   'cf-ray': '665e64abfcfa06a8-MAA',
69 verbose headers   age: '3023',
69 verbose headers   'cache-control': 'public, max-age=300',
69 verbose headers   etag: 'W/"136cf020199f4e921422df02b62e8c80"',
69 verbose headers   'last-modified': 'Wed, 16 Jun 2021 11:44:55 GMT',
69 verbose headers   vary: 'accept-encoding, accept',
69 verbose headers   'cf-cache-status': 'HIT',
69 verbose headers   'cf-request-id': '0aeedd3f78000006a8d224c000000001',
69 verbose headers   'expect-ct': 'max-age=604800, report-uri="https://report-uri.cloudflare.com/cdn-cgi/beacon/expect-ct"',
69 verbose headers   server: 'cloudflare',
69 verbose headers   'content-encoding': 'gzip' }
70 silly get cb [ 200,
70 silly get   { date: 'Sun, 27 Jun 2021 11:39:10 GMT',
70 silly get     'content-type': 'application/json',
70 silly get     'transfer-encoding': 'chunked',
70 silly get     connection: 'keep-alive',
70 silly get     'cf-ray': '665e64abfcfa06a8-MAA',
70 silly get     age: '3023',
70 silly get     'cache-control': 'public, max-age=300',
70 silly get     etag: 'W/"136cf020199f4e921422df02b62e8c80"',
70 silly get     'last-modified': 'Wed, 16 Jun 2021 11:44:55 GMT',
70 silly get     vary: 'accept-encoding, accept',
70 silly get     'cf-cache-status': 'HIT',
70 silly get     'cf-request-id': '0aeedd3f78000006a8d224c000000001',
70 silly get     'expect-ct': 'max-age=604800, report-uri="https://report-uri.cloudflare.com/cdn-cgi/beacon/expect-ct"',
70 silly get     server: 'cloudflare',
70 silly get     'content-encoding': 'gzip' } ]
71 verbose get saving express to /home/raj/.npm/registry.npmjs.org/express/.cache.json
72 http 200 https://registry.npmjs.org/ejs
73 verbose headers { date: 'Sun, 27 Jun 2021 11:39:10 GMT',
73 verbose headers   'content-type': 'application/json',
73 verbose headers   'transfer-encoding': 'chunked',
73 verbose headers   connection: 'keep-alive',
73 verbose headers   'cf-ray': '665e64ac1e9306a0-MAA',
73 verbose headers   'cache-control': 'public, max-age=300',
73 verbose headers   etag: 'W/"fa0a9e30838de006b49335fa5ad18110"',
73 verbose headers   'last-modified': 'Sat, 20 Feb 2021 21:22:31 GMT',
73 verbose headers   vary: 'accept-encoding, accept',
73 verbose headers   'cf-cache-status': 'REVALIDATED',
73 verbose headers   'cf-request-id': '0aeedd3f8c000006a0e2a75000000001',
73 verbose headers   'expect-ct': 'max-age=604800, report-uri="https://report-uri.cloudflare.com/cdn-cgi/beacon/expect-ct"',
73 verbose headers   server: 'cloudflare',
73 verbose headers   'content-encoding': 'gzip' }
74 silly get cb [ 200,
74 silly get   { date: 'Sun, 27 Jun 2021 11:39:10 GMT',
74 silly get     'content-type': 'application/json',
74 silly get     'transfer-encoding': 'chunked',
74 silly get     connection: 'keep-alive',
74 silly get     'cf-ray': '665e64ac1e9306a0-MAA',
74 silly get     'cache-control': 'public, max-age=300',
74 silly get     etag: 'W/"fa0a9e30838de006b49335fa5ad18110"',
74 silly get     'last-modified': 'Sat, 20 Feb 2021 21:22:31 GMT',
74 silly get     vary: 'accept-encoding, accept',
74 silly get     'cf-cache-status': 'REVALIDATED',
74 silly get     'cf-request-id': '0aeedd3f8c000006a0e2a75000000001',
74 silly get     'expect-ct': 'max-age=604800, report-uri="https://report-uri.cloudflare.com/cdn-cgi/beacon/expect-ct"',
74 silly get     server: 'cloudflare',
74 silly get     'content-encoding': 'gzip' } ]
75 verbose get saving ejs to /home/raj/.npm/registry.npmjs.org/ejs/.cache.json
76 http 200 https://registry.npmjs.org/peer
77 verbose headers { date: 'Sun, 27 Jun 2021 11:39:11 GMT',
77 verbose headers   'content-type': 'application/json',
77 verbose headers   'transfer-encoding': 'chunked',
77 verbose headers   connection: 'keep-alive',
77 verbose headers   'cf-ray': '665e64ac8f7906a0-MAA',
77 verbose headers   'cache-control': 'public, max-age=300',
77 verbose headers   etag: 'W/"e407795ad84dc0285afd17e71fac8ac8"',
77 verbose headers   'last-modified': 'Sat, 28 Nov 2020 07:34:37 GMT',
77 verbose headers   vary: 'accept-encoding, accept',
77 verbose headers   'cf-cache-status': 'EXPIRED',
77 verbose headers   'cf-request-id': '0aeedd3fd7000006a00ea49000000001',
77 verbose headers   'expect-ct': 'max-age=604800, report-uri="https://report-uri.cloudflare.com/cdn-cgi/beacon/expect-ct"',
77 verbose headers   server: 'cloudflare',
77 verbose headers   'content-encoding': 'gzip' }
78 silly get cb [ 200,
78 silly get   { date: 'Sun, 27 Jun 2021 11:39:11 GMT',
78 silly get     'content-type': 'application/json',
78 silly get     'transfer-encoding': 'chunked',
78 silly get     connection: 'keep-alive',
78 silly get     'cf-ray': '665e64ac8f7906a0-MAA',
78 silly get     'cache-control': 'public, max-age=300',
78 silly get     etag: 'W/"e407795ad84dc0285afd17e71fac8ac8"',
78 silly get     'last-modified': 'Sat, 28 Nov 2020 07:34:37 GMT',
78 silly get     vary: 'accept-encoding, accept',
78 silly get     'cf-cache-status': 'EXPIRED',
78 silly get     'cf-request-id': '0aeedd3fd7000006a00ea49000000001',
78 silly get     'expect-ct': 'max-age=604800, report-uri="https://report-uri.cloudflare.com/cdn-cgi/beacon/expect-ct"',
78 silly get     server: 'cloudflare',
78 silly get     'content-encoding': 'gzip' } ]
79 verbose get saving peer to /home/raj/.npm/registry.npmjs.org/peer/.cache.json
80 silly install normalizeTree
81 silly loadCurrentTree Finishing
82 silly loadIdealTree Starting
83 silly install loadIdealTree
84 silly cloneCurrentTree Starting
85 silly install cloneCurrentTreeToIdealTree
86 silly cloneCurrentTree Finishing
87 silly loadShrinkwrap Starting
88 silly install loadShrinkwrap
89 silly loadShrinkwrap Finishing
90 silly loadAllDepsIntoIdealTree Starting
91 silly install loadAllDepsIntoIdealTree
92 silly resolveWithNewModule uuid@8.3.2 checking installable status
93 silly cache add args [ 'uuid', null ]
94 verbose cache add spec uuid
95 verbose stack Error: Missing required argument #1
95 verbose stack     at andLogAndFinish (/usr/share/npm/lib/fetch-package-metadata.js:31:3)
95 verbose stack     at fetchPackageMetadata (/usr/share/npm/lib/fetch-package-metadata.js:51:22)
95 verbose stack     at resolveWithNewModule (/usr/share/npm/lib/install/deps.js:456:12)
95 verbose stack     at /usr/share/npm/lib/install/deps.js:190:5
95 verbose stack     at /usr/share/npm/node_modules/slide/lib/async-map.js:52:35
95 verbose stack     at Array.forEach (<anonymous>)
95 verbose stack     at /usr/share/npm/node_modules/slide/lib/async-map.js:52:11
95 verbose stack     at Array.forEach (<anonymous>)
95 verbose stack     at asyncMap (/usr/share/npm/node_modules/slide/lib/async-map.js:51:8)
95 verbose stack     at exports.loadRequestedDeps (/usr/share/npm/lib/install/deps.js:188:3)
96 verbose cwd /home/raj/Desktop/Video-chat-app
97 error Linux 5.4.0-72-generic
98 error argv "/usr/bin/node" "/usr/bin/npm" "install" "express" "ejs" "socket.io" "uuid" "peer"
99 error node v8.10.0
100 error npm  v3.5.2
101 error code EMISSINGARG
102 error typeerror Error: Missing required argument #1
102 error typeerror     at andLogAndFinish (/usr/share/npm/lib/fetch-package-metadata.js:31:3)
102 error typeerror     at fetchPackageMetadata (/usr/share/npm/lib/fetch-package-metadata.js:51:22)
102 error typeerror     at resolveWithNewModule (/usr/share/npm/lib/install/deps.js:456:12)
102 error typeerror     at /usr/share/npm/lib/install/deps.js:190:5
102 error typeerror     at /usr/share/npm/node_modules/slide/lib/async-map.js:52:35
102 error typeerror     at Array.forEach (<anonymous>)
102 error typeerror     at /usr/share/npm/node_modules/slide/lib/async-map.js:52:11
102 error typeerror     at Array.forEach (<anonymous>)
102 error typeerror     at asyncMap (/usr/share/npm/node_modules/slide/lib/async-map.js:51:8)
102 error typeerror     at exports.loadRequestedDeps (/usr/share/npm/lib/install/deps.js:188:3)
103 error typeerror This is an error with npm itself. Please report this error at:
103 error typeerror     <http://github.com/npm/npm/issues>
104 verbose exit [ 1, true ]
